c:\users\david\desktop\gameframework\compiled\release\vc143.pdb
c:\users\david\desktop\gameframework\compiled\release\vec2.obj
c:\users\david\desktop\gameframework\compiled\release\sprite.obj
c:\users\david\desktop\gameframework\compiled\release\resizeengine.obj
c:\users\david\desktop\gameframework\compiled\release\main.obj
c:\users\david\desktop\gameframework\compiled\release\imagefile.obj
c:\users\david\desktop\gameframework\compiled\release\ctimer.obj
c:\users\david\desktop\gameframework\compiled\release\cplayer.obj
c:\users\david\desktop\gameframework\compiled\release\cgameapp.obj
c:\users\david\desktop\gameframework\compiled\release\backbuffer.obj
c:\users\david\desktop\gameframework\compiled\release\cbullet.obj
c:\users\david\desktop\gameframework\compiled\release\casteroid.obj
c:\users\david\desktop\gameframework\compiled\release\csyringe.obj
c:\users\david\desktop\gameframework\compiled\release\game.res
c:\users\david\desktop\gameframework\compiled\release\game.pdb
c:\users\david\desktop\gameframework\compiled\release\game.tlog\cl.command.1.tlog
c:\users\david\desktop\gameframework\compiled\release\game.tlog\cl.items.tlog
c:\users\david\desktop\gameframework\compiled\release\game.tlog\cl.read.1.tlog
c:\users\david\desktop\gameframework\compiled\release\game.tlog\cl.write.1.tlog
c:\users\david\desktop\gameframework\compiled\release\game.tlog\link-cvtres.read.1.tlog
c:\users\david\desktop\gameframework\compiled\release\game.tlog\link-cvtres.write.1.tlog
c:\users\david\desktop\gameframework\compiled\release\game.tlog\link-rc.read.1.tlog
c:\users\david\desktop\gameframework\compiled\release\game.tlog\link-rc.write.1.tlog
c:\users\david\desktop\gameframework\compiled\release\game.tlog\link.command.1.tlog
c:\users\david\desktop\gameframework\compiled\release\game.tlog\link.read.1.tlog
c:\users\david\desktop\gameframework\compiled\release\game.tlog\link.secondary.1.tlog
c:\users\david\desktop\gameframework\compiled\release\game.tlog\link.write.1.tlog
c:\users\david\desktop\gameframework\compiled\release\game.tlog\rc.command.1.tlog
c:\users\david\desktop\gameframework\compiled\release\game.tlog\rc.read.1.tlog
c:\users\david\desktop\gameframework\compiled\release\game.tlog\rc.write.1.tlog
